<?xml version="1.0" encoding="UTF-8"?>
<!-- Generated by org.testng.reporters.JUnitXMLReporter -->
<testsuite hostname="LAPTOP-F8C47SGU" ignored="0" name="API Tests" tests="4" failures="0" timestamp="2020-10-04T10:17:34 IDT" time="7.683" errors="0">
  <testcase name="test_01_GetStudents" time="2.689" classname="SanityTestCases.StudentsAPI"/>
  <testcase name="test_02_AddStudent" time="0.328" classname="SanityTestCases.StudentsAPI"/>
  <testcase name="test_03_updateStudent" time="0.184" classname="SanityTestCases.StudentsAPI"/>
  <testcase name="test_04_deleteStudent" time="0.079" classname="SanityTestCases.StudentsAPI"/>
</testsuite> <!-- API Tests -->
