<?xml version="1.0" encoding="UTF-8"?>
<!-- Generated by org.testng.reporters.JUnitXMLReporter -->
<testsuite hostname="LAPTOP-F8C47SGU" ignored="0" name="API Tests" tests="4" failures="0" timestamp="2021-01-25T11:12:21 IST" time="7.161" errors="0">
  <testcase name="test_01_GetStudents" time="2.184" classname="SanityTestCases.StudentsAPI"/>
  <testcase name="test_02_AddStudent" time="0.406" classname="SanityTestCases.StudentsAPI"/>
  <testcase name="test_03_updateStudent" time="0.26" classname="SanityTestCases.StudentsAPI"/>
  <testcase name="test_04_deleteStudent" time="0.137" classname="SanityTestCases.StudentsAPI"/>
</testsuite> <!-- API Tests -->
