<?xml version="1.0" encoding="UTF-8"?>
<!-- Generated by org.testng.reporters.JUnitXMLReporter -->
<testsuite hostname="LAPTOP-F8C47SGU" ignored="0" name="Electron Tests" tests="5" failures="0" timestamp="2020-10-04T10:18:59 IDT" time="13.306" errors="0">
  <testcase name="test01_AddNewTask" time="0.417" classname="SanityTestCases.TodolistElectron"/>
  <testcase name="test02_AddNewTask" time="0.712" classname="SanityTestCases.TodolistElectron"/>
  <testcase name="test03_markTaskAsCompleted" time="1.145" classname="SanityTestCases.TodolistElectron"/>
  <testcase name="test04_markAllTaskAsCompleted" time="1.182" classname="SanityTestCases.TodolistElectron"/>
  <testcase name="test05_deleteTaskFromTheList" time="1.204" classname="SanityTestCases.TodolistElectron"/>
</testsuite> <!-- Electron Tests -->
