<?xml version="1.0" encoding="UTF-8"?>
<!-- Generated by org.testng.reporters.JUnitXMLReporter -->
<testsuite hostname="LAPTOP-F8C47SGU" ignored="0" name="Electron Tests" tests="5" failures="0" timestamp="2021-01-25T11:12:51 IST" time="12.869" errors="0">
  <testcase name="test01_AddNewTask" time="0.68" classname="SanityTestCases.TodolistElectron"/>
  <testcase name="test02_AddNewTask" time="0.592" classname="SanityTestCases.TodolistElectron"/>
  <testcase name="test03_markTaskAsCompleted" time="0.992" classname="SanityTestCases.TodolistElectron"/>
  <testcase name="test04_markAllTaskAsCompleted" time="0.888" classname="SanityTestCases.TodolistElectron"/>
  <testcase name="test05_deleteTaskFromTheList" time="1.121" classname="SanityTestCases.TodolistElectron"/>
</testsuite> <!-- Electron Tests -->
