<?xml version="1.0" encoding="UTF-8"?>
<!-- Generated by org.testng.reporters.JUnitXMLReporter -->
<testsuite hostname="LAPTOP-F8C47SGU" ignored="0" name="Mobile Tests" tests="6" failures="0" timestamp="2020-10-04T10:16:01 IDT" time="120.28" errors="0">
  <testcase name="test01_login" time="10.741" classname="SanityTestCases.SpotifyMobile"/>
  <testcase name="test02_searchSongAndPlayIt" time="11.276" classname="SanityTestCases.SpotifyMobile"/>
  <testcase name="test03_pausePlayingSong" time="10.255" classname="SanityTestCases.SpotifyMobile"/>
  <testcase name="test04_addSongToFavoritesFromPlayer" time="19.382" classname="SanityTestCases.SpotifyMobile"/>
  <testcase name="test05_removeSongsFromFavorites" time="19.969" classname="SanityTestCases.SpotifyMobile"/>
  <testcase name="test06_logout" time="31.975" classname="SanityTestCases.SpotifyMobile"/>
</testsuite> <!-- Mobile Tests -->
