<?xml version="1.0" encoding="UTF-8"?>
<!-- Generated by org.testng.reporters.JUnitXMLReporter -->
<testsuite hostname="LAPTOP-F8C47SGU" ignored="0" name="Mobile Tests" tests="6" failures="0" timestamp="2021-01-25T11:12:02 IST" time="115.605" errors="0">
  <testcase name="test01_login" time="11.429" classname="SanityTestCases.SpotifyMobile"/>
  <testcase name="test02_searchSongAndPlayIt" time="12.079" classname="SanityTestCases.SpotifyMobile"/>
  <testcase name="test03_pausePlayingSong" time="10.117" classname="SanityTestCases.SpotifyMobile"/>
  <testcase name="test04_addSongToFavoritesFromPlayer" time="17.461" classname="SanityTestCases.SpotifyMobile"/>
  <testcase name="test05_removeSongsFromFavorites" time="18.077" classname="SanityTestCases.SpotifyMobile"/>
  <testcase name="test06_logout" time="31.789" classname="SanityTestCases.SpotifyMobile"/>
</testsuite> <!-- Mobile Tests -->
