<?xml version="1.0" encoding="UTF-8"?>
<!-- Generated by org.testng.reporters.JUnitXMLReporter -->
<testsuite hostname="LAPTOP-F8C47SGU" ignored="0" name="Web Tests" tests="6" failures="0" timestamp="2021-01-25T11:05:28 IST" time="34.048" errors="0">
  <testcase name="test01_login" time="2.44" classname="SanityTestCases.saucedemoWeb"/>
  <testcase name="test02_sortProductsByLowToHigh" time="1.133" classname="SanityTestCases.saucedemoWeb"/>
  <testcase name="test03_addItemToChart" time="0.828" classname="SanityTestCases.saucedemoWeb"/>
  <testcase name="test04_addItemAndRemoveItFromCartPage" time="10.603" classname="SanityTestCases.saucedemoWeb"/>
  <testcase name="test05_logout" time="0.77" classname="SanityTestCases.saucedemoWeb"/>
  <testcase name="test06_verifyRobotImage" time="1.024" classname="SanityTestCases.saucedemoWeb"/>
</testsuite> <!-- Web Tests -->
