<?xml version="1.0" encoding="UTF-8"?>
<!-- Generated by org.testng.reporters.JUnitXMLReporter -->
<testsuite hostname="LAPTOP-F8C47SGU" ignored="0" name="Web Tests" tests="6" failures="0" timestamp="2020-10-04T10:11:23 IDT" time="31.624" errors="0">
  <testcase name="test01_login" time="4.235" classname="SanityTestCases.saucedemoWeb"/>
  <testcase name="test02_sortProductsByLowToHigh" time="0.829" classname="SanityTestCases.saucedemoWeb"/>
  <testcase name="test03_addItemToChart" time="0.62" classname="SanityTestCases.saucedemoWeb"/>
  <testcase name="test04_addItemAndRemoveItFromCartPage" time="10.541" classname="SanityTestCases.saucedemoWeb"/>
  <testcase name="test05_logout" time="0.624" classname="SanityTestCases.saucedemoWeb"/>
  <testcase name="test06_verifyRobotImage" time="1.064" classname="SanityTestCases.saucedemoWeb"/>
</testsuite> <!-- Web Tests -->
